app/build/intermediates/manifest_merge_blame_file/debug/manifest-merger-blame-debug-report.txt
1<?xml version="1.0" encoding="utf-8"?>
2<manifest xmlns:android="http://schemas.android.com/apk/res/android"
3    package="com.pajokka.githubuser"
4    android:versionCode="1"
5    android:versionName="1.0" >
6
7    <uses-sdk
8        android:minSdkVersion="22"
8-->src\main\AndroidManifest.xml
9        android:targetSdkVersion="31" />
9-->src\main\AndroidManifest.xml
10
11    <uses-permission android:name="android.permission.INTERNET" />
11-->src\main\AndroidManifest.xml:5:5-67
11-->src\main\AndroidManifest.xml:5:22-64
12
13    <application
13-->src\main\AndroidManifest.xml:7:5-34:19
14        android:name="com.pajokka.githubuser.di.KodeinInjection"
14-->src\main\AndroidManifest.xml:8:9-65
15        android:allowBackup="true"
15-->src\main\AndroidManifest.xml:9:9-35
16        android:appComponentFactory="androidx.core.app.CoreComponentFactory"
16-->[androidx.core:core:1.6.0] AndroidManifest.xml:24:18-86
17        android:debuggable="true"
18        android:icon="@drawable/logo_app"
18-->src\main\AndroidManifest.xml:10:9-42
19        android:label="@string/app_name"
19-->src\main\AndroidManifest.xml:11:9-41
20        android:roundIcon="@mipmap/ic_launcher_round"
20-->src\main\AndroidManifest.xml:12:9-54
21        android:supportsRtl="true"
21-->src\main\AndroidManifest.xml:13:9-35
22        android:testOnly="true"
23        android:theme="@style/Theme.GithubUserApp" >
23-->src\main\AndroidManifest.xml:14:9-51
24        <activity
24-->src\main\AndroidManifest.xml:16:9-25:20
25            android:name="com.pajokka.githubuser.MainActivity"
25-->src\main\AndroidManifest.xml:17:13-63
26            android:exported="true"
26-->src\main\AndroidManifest.xml:18:13-36
27            android:label="@string/app_name" >
27-->src\main\AndroidManifest.xml:19:13-45
28            <intent-filter>
28-->src\main\AndroidManifest.xml:20:13-24:29
29                <action android:name="android.intent.action.MAIN" />
29-->src\main\AndroidManifest.xml:21:17-69
29-->src\main\AndroidManifest.xml:21:25-66
30
31                <category android:name="android.intent.category.LAUNCHER" />
31-->src\main\AndroidManifest.xml:23:17-77
31-->src\main\AndroidManifest.xml:23:27-74
32            </intent-filter>
33        </activity>
34        <activity
34-->src\main\AndroidManifest.xml:27:9-29:39
35            android:name="com.pajokka.githubuser.ui.detail.DetailActivity"
35-->src\main\AndroidManifest.xml:28:13-75
36            android:exported="true" />
36-->src\main\AndroidManifest.xml:29:13-36
37
38        <meta-data
38-->src\main\AndroidManifest.xml:31:9-33:57
39            android:name="preloaded_fonts"
39-->src\main\AndroidManifest.xml:32:13-43
40            android:resource="@array/preloaded_fonts" />
40-->src\main\AndroidManifest.xml:33:13-54
41
42        <service
42-->[androidx.room:room-runtime:2.3.0] AndroidManifest.xml:25:9-28:40
43            android:name="androidx.room.MultiInstanceInvalidationService"
43-->[androidx.room:room-runtime:2.3.0] AndroidManifest.xml:26:13-74
44            android:directBootAware="true"
44-->[androidx.room:room-runtime:2.3.0] AndroidManifest.xml:27:13-43
45            android:exported="false" />
45-->[androidx.room:room-runtime:2.3.0] AndroidManifest.xml:28:13-37
46    </application>
47
48</manifest>